{"name":"hexo","hostname":"dengzhengdeMacBook-Pro.local","pid":88582,"level":20,"msg":"Hexo version: \u001b[35m3.2.2\u001b[39m","time":"2016-12-14T00:41:19.824Z","v":0}
{"name":"hexo","hostname":"dengzhengdeMacBook-Pro.local","pid":88582,"level":20,"msg":"Working directory: \u001b[35m~/hexo/\u001b[39m","time":"2016-12-14T00:41:19.827Z","v":0}
{"name":"hexo","hostname":"dengzhengdeMacBook-Pro.local","pid":88582,"level":20,"msg":"Config loaded: \u001b[35m~/hexo/_config.yml\u001b[39m","time":"2016-12-14T00:41:19.950Z","v":0}
{"name":"hexo","hostname":"dengzhengdeMacBook-Pro.local","pid":88582,"level":20,"msg":"Script loaded: \u001b[35mthemes/next/scripts/merge-configs.js\u001b[39m","time":"2016-12-14T00:41:19.970Z","v":0}
{"name":"hexo","hostname":"dengzhengdeMacBook-Pro.local","pid":88582,"level":20,"msg":"Script loaded: \u001b[35mthemes/next/scripts/tags/center-quote.js\u001b[39m","time":"2016-12-14T00:41:19.970Z","v":0}
{"name":"hexo","hostname":"dengzhengdeMacBook-Pro.local","pid":88582,"level":20,"msg":"Script loaded: \u001b[35mthemes/next/scripts/tags/full-image.js\u001b[39m","time":"2016-12-14T00:41:19.971Z","v":0}
{"name":"hexo","hostname":"dengzhengdeMacBook-Pro.local","pid":88582,"level":20,"msg":"Script loaded: \u001b[35mthemes/next/scripts/tags/group-pictures.js\u001b[39m","time":"2016-12-14T00:41:19.972Z","v":0}
{"name":"hexo","hostname":"dengzhengdeMacBook-Pro.local","pid":88582,"level":20,"msg":"Script loaded: \u001b[35mthemes/next/scripts/tags/note.js\u001b[39m","time":"2016-12-14T00:41:19.973Z","v":0}
{"name":"hexo","hostname":"dengzhengdeMacBook-Pro.local","pid":88582,"level":20,"msg":"Plugin loaded: \u001b[35mhexo-generator-archive\u001b[39m","time":"2016-12-14T00:41:19.976Z","v":0}
{"name":"hexo","hostname":"dengzhengdeMacBook-Pro.local","pid":88582,"level":20,"msg":"Plugin loaded: \u001b[35mhexo-generator-category\u001b[39m","time":"2016-12-14T00:41:19.978Z","v":0}
{"name":"hexo","hostname":"dengzhengdeMacBook-Pro.local","pid":88582,"level":20,"msg":"Plugin loaded: \u001b[35mhexo-generator-feed\u001b[39m","time":"2016-12-14T00:41:19.981Z","v":0}
{"name":"hexo","hostname":"dengzhengdeMacBook-Pro.local","pid":88582,"level":20,"msg":"Plugin loaded: \u001b[35mhexo-generator-index\u001b[39m","time":"2016-12-14T00:41:19.983Z","v":0}
{"name":"hexo","hostname":"dengzhengdeMacBook-Pro.local","pid":88582,"level":20,"msg":"Plugin loaded: \u001b[35mhexo-generator-tag\u001b[39m","time":"2016-12-14T00:41:19.984Z","v":0}
{"name":"hexo","hostname":"dengzhengdeMacBook-Pro.local","pid":88582,"level":20,"msg":"Plugin loaded: \u001b[35mhexo-renderer-ejs\u001b[39m","time":"2016-12-14T00:41:19.986Z","v":0}
{"name":"hexo","hostname":"dengzhengdeMacBook-Pro.local","pid":88582,"level":20,"msg":"Plugin loaded: \u001b[35mhexo-renderer-marked\u001b[39m","time":"2016-12-14T00:41:19.994Z","v":0}
{"name":"hexo","hostname":"dengzhengdeMacBook-Pro.local","pid":88582,"level":20,"msg":"Plugin loaded: \u001b[35mhexo-renderer-stylus\u001b[39m","time":"2016-12-14T00:41:19.995Z","v":0}
{"name":"hexo","hostname":"dengzhengdeMacBook-Pro.local","pid":88582,"level":20,"msg":"Plugin loaded: \u001b[35mhexo-server\u001b[39m","time":"2016-12-14T00:41:20.072Z","v":0}
{"name":"hexo","hostname":"dengzhengdeMacBook-Pro.local","pid":88582,"level":20,"msg":"Loading database.","time":"2016-12-14T00:41:20.083Z","v":0}
{"name":"hexo","hostname":"dengzhengdeMacBook-Pro.local","pid":88582,"level":30,"msg":"Start processing","time":"2016-12-14T00:41:20.188Z","v":0}
{"name":"hexo","hostname":"dengzhengdeMacBook-Pro.local","pid":88582,"level":20,"msg":"Processed: \u001b[35mdebug.log\u001b[39m","time":"2016-12-14T00:41:20.279Z","v":0}
{"name":"hexo","hostname":"dengzhengdeMacBook-Pro.local","pid":88582,"level":20,"msg":"Processed: \u001b[35mfavicon.ico\u001b[39m","time":"2016-12-14T00:41:20.297Z","v":0}
{"name":"hexo","hostname":"dengzhengdeMacBook-Pro.local","pid":88582,"level":20,"msg":"Processed: \u001b[35m_posts/SSH登陆LINUNX设置方法.md\u001b[39m","time":"2016-12-14T00:41:20.357Z","v":0}
{"name":"hexo","hostname":"dengzhengdeMacBook-Pro.local","pid":88582,"level":20,"msg":"Processed: \u001b[35mabout/index.md\u001b[39m","time":"2016-12-14T00:41:20.357Z","v":0}
{"name":"hexo","hostname":"dengzhengdeMacBook-Pro.local","pid":88582,"level":20,"msg":"Processed: \u001b[35mcategories/index.md\u001b[39m","time":"2016-12-14T00:41:20.358Z","v":0}
{"name":"hexo","hostname":"dengzhengdeMacBook-Pro.local","pid":88582,"level":20,"msg":"Processed: \u001b[35mtags/index.md\u001b[39m","time":"2016-12-14T00:41:20.358Z","v":0}
{"name":"hexo","hostname":"dengzhengdeMacBook-Pro.local","pid":88582,"level":20,"msg":"Processed: \u001b[35msource/404.html\u001b[39m","time":"2016-12-14T00:41:20.422Z","v":0}
{"name":"hexo","hostname":"dengzhengdeMacBook-Pro.local","pid":88582,"level":20,"msg":"Theme config loaded.","time":"2016-12-14T00:41:20.511Z","v":0}
{"name":"hexo","hostname":"dengzhengdeMacBook-Pro.local","pid":88582,"level":20,"msg":"Processed: \u001b[35m_config.yml\u001b[39m","time":"2016-12-14T00:41:20.517Z","v":0}
{"name":"hexo","hostname":"dengzhengdeMacBook-Pro.local","pid":88582,"level":20,"msg":"Processed: \u001b[35msource/css/main.styl\u001b[39m","time":"2016-12-14T00:41:20.517Z","v":0}
{"name":"hexo","hostname":"dengzhengdeMacBook-Pro.local","pid":88582,"level":20,"msg":"Processed: \u001b[35msource/images/algolia_logo.svg\u001b[39m","time":"2016-12-14T00:41:20.518Z","v":0}
{"name":"hexo","hostname":"dengzhengdeMacBook-Pro.local","pid":88582,"level":20,"msg":"Processed: \u001b[35msource/images/avatar.gif\u001b[39m","time":"2016-12-14T00:41:20.518Z","v":0}
{"name":"hexo","hostname":"dengzhengdeMacBook-Pro.local","pid":88582,"level":20,"msg":"Processed: \u001b[35msource/images/avatar1.jpg\u001b[39m","time":"2016-12-14T00:41:20.519Z","v":0}
{"name":"hexo","hostname":"dengzhengdeMacBook-Pro.local","pid":88582,"level":20,"msg":"Processed: \u001b[35msource/images/cc-by-nc-nd.svg\u001b[39m","time":"2016-12-14T00:41:20.519Z","v":0}
{"name":"hexo","hostname":"dengzhengdeMacBook-Pro.local","pid":88582,"level":20,"msg":"Processed: \u001b[35msource/images/cc-by-nc-sa.svg\u001b[39m","time":"2016-12-14T00:41:20.520Z","v":0}
{"name":"hexo","hostname":"dengzhengdeMacBook-Pro.local","pid":88582,"level":20,"msg":"Processed: \u001b[35msource/images/cc-by-nc.svg\u001b[39m","time":"2016-12-14T00:41:20.521Z","v":0}
{"name":"hexo","hostname":"dengzhengdeMacBook-Pro.local","pid":88582,"level":20,"msg":"Processed: \u001b[35msource/images/cc-by-nd.svg\u001b[39m","time":"2016-12-14T00:41:20.522Z","v":0}
{"name":"hexo","hostname":"dengzhengdeMacBook-Pro.local","pid":88582,"level":20,"msg":"Processed: \u001b[35msource/images/cc-by-sa.svg\u001b[39m","time":"2016-12-14T00:41:20.523Z","v":0}
{"name":"hexo","hostname":"dengzhengdeMacBook-Pro.local","pid":88582,"level":20,"msg":"Processed: \u001b[35msource/images/cc-by.svg\u001b[39m","time":"2016-12-14T00:41:20.523Z","v":0}
{"name":"hexo","hostname":"dengzhengdeMacBook-Pro.local","pid":88582,"level":20,"msg":"Processed: \u001b[35msource/images/cc-zero.svg\u001b[39m","time":"2016-12-14T00:41:20.524Z","v":0}
{"name":"hexo","hostname":"dengzhengdeMacBook-Pro.local","pid":88582,"level":20,"msg":"Processed: \u001b[35msource/images/loading.gif\u001b[39m","time":"2016-12-14T00:41:20.524Z","v":0}
{"name":"hexo","hostname":"dengzhengdeMacBook-Pro.local","pid":88582,"level":20,"msg":"Processed: \u001b[35msource/images/placeholder.gif\u001b[39m","time":"2016-12-14T00:41:20.525Z","v":0}
{"name":"hexo","hostname":"dengzhengdeMacBook-Pro.local","pid":88582,"level":20,"msg":"Processed: \u001b[35msource/images/quote-l.svg\u001b[39m","time":"2016-12-14T00:41:20.525Z","v":0}
{"name":"hexo","hostname":"dengzhengdeMacBook-Pro.local","pid":88582,"level":20,"msg":"Processed: \u001b[35msource/images/quote-r.svg\u001b[39m","time":"2016-12-14T00:41:20.525Z","v":0}
{"name":"hexo","hostname":"dengzhengdeMacBook-Pro.local","pid":88582,"level":20,"msg":"Processed: \u001b[35msource/images/searchicon.png\u001b[39m","time":"2016-12-14T00:41:20.525Z","v":0}
{"name":"hexo","hostname":"dengzhengdeMacBook-Pro.local","pid":88582,"level":20,"msg":"Processed: \u001b[35msource/images/avatar.jpg\u001b[39m","time":"2016-12-14T00:41:20.557Z","v":0}
{"name":"hexo","hostname":"dengzhengdeMacBook-Pro.local","pid":88582,"level":20,"msg":"Processed: \u001b[35mlayout/.DS_Store\u001b[39m","time":"2016-12-14T00:41:20.841Z","v":0}
{"name":"hexo","hostname":"dengzhengdeMacBook-Pro.local","pid":88582,"level":20,"msg":"Processed: \u001b[35mlayout/_layout.swig\u001b[39m","time":"2016-12-14T00:41:20.841Z","v":0}
{"name":"hexo","hostname":"dengzhengdeMacBook-Pro.local","pid":88582,"level":20,"msg":"Processed: \u001b[35mlayout/archive.swig\u001b[39m","time":"2016-12-14T00:41:20.841Z","v":0}
{"name":"hexo","hostname":"dengzhengdeMacBook-Pro.local","pid":88582,"level":20,"msg":"Processed: \u001b[35mlayout/category.swig\u001b[39m","time":"2016-12-14T00:41:20.841Z","v":0}
{"name":"hexo","hostname":"dengzhengdeMacBook-Pro.local","pid":88582,"level":20,"msg":"Processed: \u001b[35mlayout/index.swig\u001b[39m","time":"2016-12-14T00:41:20.841Z","v":0}
{"name":"hexo","hostname":"dengzhengdeMacBook-Pro.local","pid":88582,"level":20,"msg":"Processed: \u001b[35mlayout/page.swig\u001b[39m","time":"2016-12-14T00:41:20.841Z","v":0}
{"name":"hexo","hostname":"dengzhengdeMacBook-Pro.local","pid":88582,"level":20,"msg":"Processed: \u001b[35mlayout/post.swig\u001b[39m","time":"2016-12-14T00:41:20.842Z","v":0}
{"name":"hexo","hostname":"dengzhengdeMacBook-Pro.local","pid":88582,"level":20,"msg":"Processed: \u001b[35mlayout/schedule.swig\u001b[39m","time":"2016-12-14T00:41:20.843Z","v":0}
{"name":"hexo","hostname":"dengzhengdeMacBook-Pro.local","pid":88582,"level":20,"msg":"Processed: \u001b[35mlayout/tag.swig\u001b[39m","time":"2016-12-14T00:41:20.843Z","v":0}
{"name":"hexo","hostname":"dengzhengdeMacBook-Pro.local","pid":88582,"level":20,"msg":"Processed: \u001b[35mlanguages/de.yml\u001b[39m","time":"2016-12-14T00:41:20.861Z","v":0}
{"name":"hexo","hostname":"dengzhengdeMacBook-Pro.local","pid":88582,"level":20,"msg":"Processed: \u001b[35mlanguages/default.yml\u001b[39m","time":"2016-12-14T00:41:20.862Z","v":0}
{"name":"hexo","hostname":"dengzhengdeMacBook-Pro.local","pid":88582,"level":20,"msg":"Processed: \u001b[35mlanguages/en.yml\u001b[39m","time":"2016-12-14T00:41:20.862Z","v":0}
{"name":"hexo","hostname":"dengzhengdeMacBook-Pro.local","pid":88582,"level":20,"msg":"Processed: \u001b[35mlanguages/fr-FR.yml\u001b[39m","time":"2016-12-14T00:41:20.862Z","v":0}
{"name":"hexo","hostname":"dengzhengdeMacBook-Pro.local","pid":88582,"level":20,"msg":"Processed: \u001b[35mlanguages/id.yml\u001b[39m","time":"2016-12-14T00:41:20.862Z","v":0}
{"name":"hexo","hostname":"dengzhengdeMacBook-Pro.local","pid":88582,"level":20,"msg":"Processed: \u001b[35mlanguages/ja.yml\u001b[39m","time":"2016-12-14T00:41:20.862Z","v":0}
{"name":"hexo","hostname":"dengzhengdeMacBook-Pro.local","pid":88582,"level":20,"msg":"Processed: \u001b[35mlanguages/ko.yml\u001b[39m","time":"2016-12-14T00:41:20.863Z","v":0}
{"name":"hexo","hostname":"dengzhengdeMacBook-Pro.local","pid":88582,"level":20,"msg":"Processed: \u001b[35mlanguages/pt-BR.yml\u001b[39m","time":"2016-12-14T00:41:20.863Z","v":0}
{"name":"hexo","hostname":"dengzhengdeMacBook-Pro.local","pid":88582,"level":20,"msg":"Processed: \u001b[35mlanguages/pt.yml\u001b[39m","time":"2016-12-14T00:41:20.863Z","v":0}
{"name":"hexo","hostname":"dengzhengdeMacBook-Pro.local","pid":88582,"level":20,"msg":"Processed: \u001b[35mlanguages/ru.yml\u001b[39m","time":"2016-12-14T00:41:20.863Z","v":0}
{"name":"hexo","hostname":"dengzhengdeMacBook-Pro.local","pid":88582,"level":20,"msg":"Processed: \u001b[35mlanguages/zh-Hans.yml\u001b[39m","time":"2016-12-14T00:41:20.864Z","v":0}
{"name":"hexo","hostname":"dengzhengdeMacBook-Pro.local","pid":88582,"level":20,"msg":"Processed: \u001b[35mlanguages/zh-hk.yml\u001b[39m","time":"2016-12-14T00:41:20.864Z","v":0}
{"name":"hexo","hostname":"dengzhengdeMacBook-Pro.local","pid":88582,"level":20,"msg":"Processed: \u001b[35mlanguages/zh-tw.yml\u001b[39m","time":"2016-12-14T00:41:20.864Z","v":0}
{"name":"hexo","hostname":"dengzhengdeMacBook-Pro.local","pid":88582,"level":20,"msg":"Processed: \u001b[35msource/js/src/affix.js\u001b[39m","time":"2016-12-14T00:41:20.865Z","v":0}
{"name":"hexo","hostname":"dengzhengdeMacBook-Pro.local","pid":88582,"level":20,"msg":"Processed: \u001b[35msource/js/src/algolia-search.js\u001b[39m","time":"2016-12-14T00:41:20.866Z","v":0}
{"name":"hexo","hostname":"dengzhengdeMacBook-Pro.local","pid":88582,"level":20,"msg":"Processed: \u001b[35msource/js/src/bootstrap.js\u001b[39m","time":"2016-12-14T00:41:20.867Z","v":0}
{"name":"hexo","hostname":"dengzhengdeMacBook-Pro.local","pid":88582,"level":20,"msg":"Processed: \u001b[35msource/js/src/hook-duoshuo.js\u001b[39m","time":"2016-12-14T00:41:20.871Z","v":0}
{"name":"hexo","hostname":"dengzhengdeMacBook-Pro.local","pid":88582,"level":20,"msg":"Processed: \u001b[35msource/js/src/motion.js\u001b[39m","time":"2016-12-14T00:41:20.872Z","v":0}
{"name":"hexo","hostname":"dengzhengdeMacBook-Pro.local","pid":88582,"level":20,"msg":"Processed: \u001b[35msource/js/src/post-details.js\u001b[39m","time":"2016-12-14T00:41:20.875Z","v":0}
{"name":"hexo","hostname":"dengzhengdeMacBook-Pro.local","pid":88582,"level":20,"msg":"Processed: \u001b[35msource/js/src/scrollspy.js\u001b[39m","time":"2016-12-14T00:41:20.877Z","v":0}
{"name":"hexo","hostname":"dengzhengdeMacBook-Pro.local","pid":88582,"level":20,"msg":"Processed: \u001b[35msource/js/src/utils.js\u001b[39m","time":"2016-12-14T00:41:20.877Z","v":0}
{"name":"hexo","hostname":"dengzhengdeMacBook-Pro.local","pid":88582,"level":20,"msg":"Processed: \u001b[35msource/lib/algolia-instant-search/instantsearch.min.css\u001b[39m","time":"2016-12-14T00:41:20.879Z","v":0}
{"name":"hexo","hostname":"dengzhengdeMacBook-Pro.local","pid":88582,"level":20,"msg":"Processed: \u001b[35msource/lib/fastclick/LICENSE\u001b[39m","time":"2016-12-14T00:41:20.879Z","v":0}
{"name":"hexo","hostname":"dengzhengdeMacBook-Pro.local","pid":88582,"level":20,"msg":"Processed: \u001b[35msource/lib/fastclick/README.md\u001b[39m","time":"2016-12-14T00:41:20.880Z","v":0}
{"name":"hexo","hostname":"dengzhengdeMacBook-Pro.local","pid":88582,"level":20,"msg":"Processed: \u001b[35msource/lib/fastclick/bower.json\u001b[39m","time":"2016-12-14T00:41:20.880Z","v":0}
{"name":"hexo","hostname":"dengzhengdeMacBook-Pro.local","pid":88582,"level":20,"msg":"Processed: \u001b[35msource/lib/font-awesome/HELP-US-OUT.txt\u001b[39m","time":"2016-12-14T00:41:20.881Z","v":0}
{"name":"hexo","hostname":"dengzhengdeMacBook-Pro.local","pid":88582,"level":20,"msg":"Processed: \u001b[35msource/lib/font-awesome/bower.json\u001b[39m","time":"2016-12-14T00:41:20.881Z","v":0}
{"name":"hexo","hostname":"dengzhengdeMacBook-Pro.local","pid":88582,"level":20,"msg":"Processed: \u001b[35msource/lib/jquery_lazyload/CONTRIBUTING.md\u001b[39m","time":"2016-12-14T00:41:20.882Z","v":0}
{"name":"hexo","hostname":"dengzhengdeMacBook-Pro.local","pid":88582,"level":20,"msg":"Processed: \u001b[35msource/lib/jquery_lazyload/README.md\u001b[39m","time":"2016-12-14T00:41:20.882Z","v":0}
{"name":"hexo","hostname":"dengzhengdeMacBook-Pro.local","pid":88582,"level":20,"msg":"Processed: \u001b[35msource/lib/jquery_lazyload/bower.json\u001b[39m","time":"2016-12-14T00:41:20.882Z","v":0}
{"name":"hexo","hostname":"dengzhengdeMacBook-Pro.local","pid":88582,"level":20,"msg":"Processed: \u001b[35msource/lib/jquery_lazyload/jquery.lazyload.js\u001b[39m","time":"2016-12-14T00:41:20.883Z","v":0}
{"name":"hexo","hostname":"dengzhengdeMacBook-Pro.local","pid":88582,"level":20,"msg":"Processed: \u001b[35msource/lib/jquery_lazyload/jquery.scrollstop.js\u001b[39m","time":"2016-12-14T00:41:20.883Z","v":0}
{"name":"hexo","hostname":"dengzhengdeMacBook-Pro.local","pid":88582,"level":20,"msg":"Processed: \u001b[35msource/lib/velocity/bower.json\u001b[39m","time":"2016-12-14T00:41:20.884Z","v":0}
{"name":"hexo","hostname":"dengzhengdeMacBook-Pro.local","pid":88582,"level":20,"msg":"Processed: \u001b[35msource/lib/velocity/velocity.min.js\u001b[39m","time":"2016-12-14T00:41:20.886Z","v":0}
{"name":"hexo","hostname":"dengzhengdeMacBook-Pro.local","pid":88582,"level":20,"msg":"Processed: \u001b[35msource/lib/velocity/velocity.ui.js\u001b[39m","time":"2016-12-14T00:41:20.887Z","v":0}
{"name":"hexo","hostname":"dengzhengdeMacBook-Pro.local","pid":88582,"level":20,"msg":"Processed: \u001b[35msource/lib/velocity/velocity.ui.min.js\u001b[39m","time":"2016-12-14T00:41:20.887Z","v":0}
{"name":"hexo","hostname":"dengzhengdeMacBook-Pro.local","pid":88582,"level":20,"msg":"Processed: \u001b[35msource/lib/jquery/index.js\u001b[39m","time":"2016-12-14T00:41:20.910Z","v":0}
{"name":"hexo","hostname":"dengzhengdeMacBook-Pro.local","pid":88582,"level":20,"msg":"Processed: \u001b[35mlayout/_custom/header.swig\u001b[39m","time":"2016-12-14T00:41:21.003Z","v":0}
{"name":"hexo","hostname":"dengzhengdeMacBook-Pro.local","pid":88582,"level":20,"msg":"Processed: \u001b[35mlayout/_custom/sidebar.swig\u001b[39m","time":"2016-12-14T00:41:21.004Z","v":0}
{"name":"hexo","hostname":"dengzhengdeMacBook-Pro.local","pid":88582,"level":20,"msg":"Processed: \u001b[35mlayout/_macro/post-collapse.swig\u001b[39m","time":"2016-12-14T00:41:21.004Z","v":0}
{"name":"hexo","hostname":"dengzhengdeMacBook-Pro.local","pid":88582,"level":20,"msg":"Processed: \u001b[35mlayout/_macro/post.swig\u001b[39m","time":"2016-12-14T00:41:21.004Z","v":0}
{"name":"hexo","hostname":"dengzhengdeMacBook-Pro.local","pid":88582,"level":20,"msg":"Processed: \u001b[35mlayout/_macro/reward.swig\u001b[39m","time":"2016-12-14T00:41:21.004Z","v":0}
{"name":"hexo","hostname":"dengzhengdeMacBook-Pro.local","pid":88582,"level":20,"msg":"Processed: \u001b[35mlayout/_macro/sidebar.swig\u001b[39m","time":"2016-12-14T00:41:21.004Z","v":0}
{"name":"hexo","hostname":"dengzhengdeMacBook-Pro.local","pid":88582,"level":20,"msg":"Processed: \u001b[35mlayout/_macro/wechat-subscriber.swig\u001b[39m","time":"2016-12-14T00:41:21.004Z","v":0}
{"name":"hexo","hostname":"dengzhengdeMacBook-Pro.local","pid":88582,"level":20,"msg":"Processed: \u001b[35mlayout/_partials/comments.swig\u001b[39m","time":"2016-12-14T00:41:21.004Z","v":0}
{"name":"hexo","hostname":"dengzhengdeMacBook-Pro.local","pid":88582,"level":20,"msg":"Processed: \u001b[35mlayout/_partials/duoshuo-hot-articles.swig\u001b[39m","time":"2016-12-14T00:41:21.005Z","v":0}
{"name":"hexo","hostname":"dengzhengdeMacBook-Pro.local","pid":88582,"level":20,"msg":"Processed: \u001b[35mlayout/_partials/footer.swig\u001b[39m","time":"2016-12-14T00:41:21.005Z","v":0}
{"name":"hexo","hostname":"dengzhengdeMacBook-Pro.local","pid":88582,"level":20,"msg":"Processed: \u001b[35mlayout/_partials/head.swig\u001b[39m","time":"2016-12-14T00:41:21.005Z","v":0}
{"name":"hexo","hostname":"dengzhengdeMacBook-Pro.local","pid":88582,"level":20,"msg":"Processed: \u001b[35mlayout/_partials/header.swig\u001b[39m","time":"2016-12-14T00:41:21.005Z","v":0}
{"name":"hexo","hostname":"dengzhengdeMacBook-Pro.local","pid":88582,"level":20,"msg":"Processed: \u001b[35mlayout/_partials/page-header.swig\u001b[39m","time":"2016-12-14T00:41:21.005Z","v":0}
{"name":"hexo","hostname":"dengzhengdeMacBook-Pro.local","pid":88582,"level":20,"msg":"Processed: \u001b[35mlayout/_partials/pagination.swig\u001b[39m","time":"2016-12-14T00:41:21.005Z","v":0}
{"name":"hexo","hostname":"dengzhengdeMacBook-Pro.local","pid":88582,"level":20,"msg":"Processed: \u001b[35mlayout/_partials/search.swig\u001b[39m","time":"2016-12-14T00:41:21.005Z","v":0}
{"name":"hexo","hostname":"dengzhengdeMacBook-Pro.local","pid":88582,"level":20,"msg":"Processed: \u001b[35mlayout/_scripts/baidu-push.swig\u001b[39m","time":"2016-12-14T00:41:21.005Z","v":0}
{"name":"hexo","hostname":"dengzhengdeMacBook-Pro.local","pid":88582,"level":20,"msg":"Processed: \u001b[35mlayout/_scripts/boostrap.swig\u001b[39m","time":"2016-12-14T00:41:21.005Z","v":0}
{"name":"hexo","hostname":"dengzhengdeMacBook-Pro.local","pid":88582,"level":20,"msg":"Processed: \u001b[35mlayout/_scripts/commons.swig\u001b[39m","time":"2016-12-14T00:41:21.006Z","v":0}
{"name":"hexo","hostname":"dengzhengdeMacBook-Pro.local","pid":88582,"level":20,"msg":"Processed: \u001b[35mlayout/_scripts/vendors.swig\u001b[39m","time":"2016-12-14T00:41:21.006Z","v":0}
{"name":"hexo","hostname":"dengzhengdeMacBook-Pro.local","pid":88582,"level":20,"msg":"Processed: \u001b[35msource/js/src/schemes/pisces.js\u001b[39m","time":"2016-12-14T00:41:21.011Z","v":0}
{"name":"hexo","hostname":"dengzhengdeMacBook-Pro.local","pid":88582,"level":20,"msg":"Processed: \u001b[35msource/lib/fancybox/source/blank.gif\u001b[39m","time":"2016-12-14T00:41:21.011Z","v":0}
{"name":"hexo","hostname":"dengzhengdeMacBook-Pro.local","pid":88582,"level":20,"msg":"Processed: \u001b[35msource/lib/fancybox/source/fancybox_loading.gif\u001b[39m","time":"2016-12-14T00:41:21.012Z","v":0}
{"name":"hexo","hostname":"dengzhengdeMacBook-Pro.local","pid":88582,"level":20,"msg":"Processed: \u001b[35msource/lib/fancybox/source/fancybox_overlay.png\u001b[39m","time":"2016-12-14T00:41:21.012Z","v":0}
{"name":"hexo","hostname":"dengzhengdeMacBook-Pro.local","pid":88582,"level":20,"msg":"Processed: \u001b[35msource/lib/fancybox/source/fancybox_loading@2x.gif\u001b[39m","time":"2016-12-14T00:41:21.012Z","v":0}
{"name":"hexo","hostname":"dengzhengdeMacBook-Pro.local","pid":88582,"level":20,"msg":"Processed: \u001b[35msource/lib/fancybox/source/fancybox_sprite.png\u001b[39m","time":"2016-12-14T00:41:21.012Z","v":0}
{"name":"hexo","hostname":"dengzhengdeMacBook-Pro.local","pid":88582,"level":20,"msg":"Processed: \u001b[35msource/lib/fancybox/source/fancybox_sprite@2x.png\u001b[39m","time":"2016-12-14T00:41:21.013Z","v":0}
{"name":"hexo","hostname":"dengzhengdeMacBook-Pro.local","pid":88582,"level":20,"msg":"Processed: \u001b[35msource/lib/fancybox/source/jquery.fancybox.css\u001b[39m","time":"2016-12-14T00:41:21.013Z","v":0}
{"name":"hexo","hostname":"dengzhengdeMacBook-Pro.local","pid":88582,"level":20,"msg":"Processed: \u001b[35msource/lib/fancybox/source/jquery.fancybox.js\u001b[39m","time":"2016-12-14T00:41:21.013Z","v":0}
{"name":"hexo","hostname":"dengzhengdeMacBook-Pro.local","pid":88582,"level":20,"msg":"Processed: \u001b[35msource/lib/fancybox/source/jquery.fancybox.pack.js\u001b[39m","time":"2016-12-14T00:41:21.013Z","v":0}
{"name":"hexo","hostname":"dengzhengdeMacBook-Pro.local","pid":88582,"level":20,"msg":"Processed: \u001b[35msource/lib/fastclick/lib/fastclick.js\u001b[39m","time":"2016-12-14T00:41:21.013Z","v":0}
{"name":"hexo","hostname":"dengzhengdeMacBook-Pro.local","pid":88582,"level":20,"msg":"Processed: \u001b[35msource/lib/fastclick/lib/fastclick.min.js\u001b[39m","time":"2016-12-14T00:41:21.014Z","v":0}
{"name":"hexo","hostname":"dengzhengdeMacBook-Pro.local","pid":88582,"level":20,"msg":"Processed: \u001b[35msource/lib/font-awesome/css/font-awesome.css\u001b[39m","time":"2016-12-14T00:41:21.014Z","v":0}
{"name":"hexo","hostname":"dengzhengdeMacBook-Pro.local","pid":88582,"level":20,"msg":"Processed: \u001b[35msource/lib/font-awesome/css/font-awesome.css.map\u001b[39m","time":"2016-12-14T00:41:21.014Z","v":0}
{"name":"hexo","hostname":"dengzhengdeMacBook-Pro.local","pid":88582,"level":20,"msg":"Processed: \u001b[35msource/lib/font-awesome/css/font-awesome.min.css\u001b[39m","time":"2016-12-14T00:41:21.015Z","v":0}
{"name":"hexo","hostname":"dengzhengdeMacBook-Pro.local","pid":88582,"level":20,"msg":"Processed: \u001b[35msource/lib/ua-parser-js/dist/ua-parser.min.js\u001b[39m","time":"2016-12-14T00:41:21.015Z","v":0}
{"name":"hexo","hostname":"dengzhengdeMacBook-Pro.local","pid":88582,"level":20,"msg":"Processed: \u001b[35msource/lib/ua-parser-js/dist/ua-parser.pack.js\u001b[39m","time":"2016-12-14T00:41:21.016Z","v":0}
{"name":"hexo","hostname":"dengzhengdeMacBook-Pro.local","pid":88582,"level":20,"msg":"Processed: \u001b[35mlayout/_scripts/schemes/mist.swig\u001b[39m","time":"2016-12-14T00:41:21.022Z","v":0}
{"name":"hexo","hostname":"dengzhengdeMacBook-Pro.local","pid":88582,"level":20,"msg":"Processed: \u001b[35mlayout/_scripts/schemes/muse.swig\u001b[39m","time":"2016-12-14T00:41:21.022Z","v":0}
{"name":"hexo","hostname":"dengzhengdeMacBook-Pro.local","pid":88582,"level":20,"msg":"Processed: \u001b[35msource/lib/font-awesome/fonts/FontAwesome.otf\u001b[39m","time":"2016-12-14T00:41:21.023Z","v":0}
{"name":"hexo","hostname":"dengzhengdeMacBook-Pro.local","pid":88582,"level":20,"msg":"Processed: \u001b[35msource/lib/font-awesome/fonts/fontawesome-webfont.eot\u001b[39m","time":"2016-12-14T00:41:21.023Z","v":0}
{"name":"hexo","hostname":"dengzhengdeMacBook-Pro.local","pid":88582,"level":20,"msg":"Processed: \u001b[35msource/lib/font-awesome/fonts/fontawesome-webfont.woff\u001b[39m","time":"2016-12-14T00:41:21.024Z","v":0}
{"name":"hexo","hostname":"dengzhengdeMacBook-Pro.local","pid":88582,"level":20,"msg":"Processed: \u001b[35msource/lib/font-awesome/fonts/fontawesome-webfont.woff2\u001b[39m","time":"2016-12-14T00:41:21.026Z","v":0}
{"name":"hexo","hostname":"dengzhengdeMacBook-Pro.local","pid":88582,"level":20,"msg":"Processed: \u001b[35msource/lib/velocity/velocity.js\u001b[39m","time":"2016-12-14T00:41:21.026Z","v":0}
{"name":"hexo","hostname":"dengzhengdeMacBook-Pro.local","pid":88582,"level":20,"msg":"Processed: \u001b[35mlayout/_components/algolia-search/assets.swig\u001b[39m","time":"2016-12-14T00:41:21.051Z","v":0}
{"name":"hexo","hostname":"dengzhengdeMacBook-Pro.local","pid":88582,"level":20,"msg":"Processed: \u001b[35mlayout/_partials/head/external-fonts.swig\u001b[39m","time":"2016-12-14T00:41:21.051Z","v":0}
{"name":"hexo","hostname":"dengzhengdeMacBook-Pro.local","pid":88582,"level":20,"msg":"Processed: \u001b[35mlayout/_components/algolia-search/dom.swig\u001b[39m","time":"2016-12-14T00:41:21.051Z","v":0}
{"name":"hexo","hostname":"dengzhengdeMacBook-Pro.local","pid":88582,"level":20,"msg":"Processed: \u001b[35mlayout/_partials/head/custom-head.swig\u001b[39m","time":"2016-12-14T00:41:21.051Z","v":0}
{"name":"hexo","hostname":"dengzhengdeMacBook-Pro.local","pid":88582,"level":20,"msg":"Processed: \u001b[35mlayout/_partials/search/localsearch.swig\u001b[39m","time":"2016-12-14T00:41:21.051Z","v":0}
{"name":"hexo","hostname":"dengzhengdeMacBook-Pro.local","pid":88582,"level":20,"msg":"Processed: \u001b[35mlayout/_partials/search/swiftype.swig\u001b[39m","time":"2016-12-14T00:41:21.051Z","v":0}
{"name":"hexo","hostname":"dengzhengdeMacBook-Pro.local","pid":88582,"level":20,"msg":"Processed: \u001b[35mlayout/_partials/search/tinysou.swig\u001b[39m","time":"2016-12-14T00:41:21.051Z","v":0}
{"name":"hexo","hostname":"dengzhengdeMacBook-Pro.local","pid":88582,"level":20,"msg":"Processed: \u001b[35mlayout/_partials/share/add-this.swig\u001b[39m","time":"2016-12-14T00:41:21.052Z","v":0}
{"name":"hexo","hostname":"dengzhengdeMacBook-Pro.local","pid":88582,"level":20,"msg":"Processed: \u001b[35mlayout/_partials/share/baidushare.swig\u001b[39m","time":"2016-12-14T00:41:21.052Z","v":0}
{"name":"hexo","hostname":"dengzhengdeMacBook-Pro.local","pid":88582,"level":20,"msg":"Processed: \u001b[35mlayout/_partials/share/duoshuo_share.swig\u001b[39m","time":"2016-12-14T00:41:21.053Z","v":0}
{"name":"hexo","hostname":"dengzhengdeMacBook-Pro.local","pid":88582,"level":20,"msg":"Processed: \u001b[35mlayout/_partials/share/jiathis.swig\u001b[39m","time":"2016-12-14T00:41:21.053Z","v":0}
{"name":"hexo","hostname":"dengzhengdeMacBook-Pro.local","pid":88582,"level":20,"msg":"Processed: \u001b[35mlayout/_scripts/pages/post-details.swig\u001b[39m","time":"2016-12-14T00:41:21.053Z","v":0}
{"name":"hexo","hostname":"dengzhengdeMacBook-Pro.local","pid":88582,"level":20,"msg":"Processed: \u001b[35mlayout/_scripts/schemes/pisces.swig\u001b[39m","time":"2016-12-14T00:41:21.054Z","v":0}
{"name":"hexo","hostname":"dengzhengdeMacBook-Pro.local","pid":88582,"level":20,"msg":"Processed: \u001b[35mlayout/_scripts/third-party/analytics.swig\u001b[39m","time":"2016-12-14T00:41:21.054Z","v":0}
{"name":"hexo","hostname":"dengzhengdeMacBook-Pro.local","pid":88582,"level":20,"msg":"Processed: \u001b[35mlayout/_scripts/third-party/comments.swig\u001b[39m","time":"2016-12-14T00:41:21.054Z","v":0}
{"name":"hexo","hostname":"dengzhengdeMacBook-Pro.local","pid":88582,"level":20,"msg":"Processed: \u001b[35mlayout/_scripts/third-party/lean-analytics.swig\u001b[39m","time":"2016-12-14T00:41:21.054Z","v":0}
{"name":"hexo","hostname":"dengzhengdeMacBook-Pro.local","pid":88582,"level":20,"msg":"Processed: \u001b[35mlayout/_scripts/third-party/localsearch.swig\u001b[39m","time":"2016-12-14T00:41:21.054Z","v":0}
{"name":"hexo","hostname":"dengzhengdeMacBook-Pro.local","pid":88582,"level":20,"msg":"Processed: \u001b[35mlayout/_scripts/third-party/mathjax.swig\u001b[39m","time":"2016-12-14T00:41:21.054Z","v":0}
{"name":"hexo","hostname":"dengzhengdeMacBook-Pro.local","pid":88582,"level":20,"msg":"Processed: \u001b[35mlayout/_scripts/third-party/schedule.swig\u001b[39m","time":"2016-12-14T00:41:21.054Z","v":0}
{"name":"hexo","hostname":"dengzhengdeMacBook-Pro.local","pid":88582,"level":20,"msg":"Processed: \u001b[35mlayout/_scripts/third-party/tinysou.swig\u001b[39m","time":"2016-12-14T00:41:21.054Z","v":0}
{"name":"hexo","hostname":"dengzhengdeMacBook-Pro.local","pid":88582,"level":20,"msg":"Processed: \u001b[35msource/lib/fancybox/source/helpers/fancybox_buttons.png\u001b[39m","time":"2016-12-14T00:41:21.060Z","v":0}
{"name":"hexo","hostname":"dengzhengdeMacBook-Pro.local","pid":88582,"level":20,"msg":"Processed: \u001b[35msource/lib/fancybox/source/helpers/jquery.fancybox-buttons.css\u001b[39m","time":"2016-12-14T00:41:21.061Z","v":0}
{"name":"hexo","hostname":"dengzhengdeMacBook-Pro.local","pid":88582,"level":20,"msg":"Processed: \u001b[35msource/lib/fancybox/source/helpers/jquery.fancybox-buttons.js\u001b[39m","time":"2016-12-14T00:41:21.061Z","v":0}
{"name":"hexo","hostname":"dengzhengdeMacBook-Pro.local","pid":88582,"level":20,"msg":"Processed: \u001b[35msource/lib/fancybox/source/helpers/jquery.fancybox-media.js\u001b[39m","time":"2016-12-14T00:41:21.062Z","v":0}
{"name":"hexo","hostname":"dengzhengdeMacBook-Pro.local","pid":88582,"level":20,"msg":"Processed: \u001b[35msource/lib/fancybox/source/helpers/jquery.fancybox-thumbs.css\u001b[39m","time":"2016-12-14T00:41:21.062Z","v":0}
{"name":"hexo","hostname":"dengzhengdeMacBook-Pro.local","pid":88582,"level":20,"msg":"Processed: \u001b[35msource/lib/fancybox/source/helpers/jquery.fancybox-thumbs.js\u001b[39m","time":"2016-12-14T00:41:21.063Z","v":0}
{"name":"hexo","hostname":"dengzhengdeMacBook-Pro.local","pid":88582,"level":20,"msg":"Processed: \u001b[35msource/lib/font-awesome/fonts/fontawesome-webfont.ttf\u001b[39m","time":"2016-12-14T00:41:21.063Z","v":0}
{"name":"hexo","hostname":"dengzhengdeMacBook-Pro.local","pid":88582,"level":20,"msg":"Processed: \u001b[35mlayout/_scripts/third-party/analytics/application-insights.swig\u001b[39m","time":"2016-12-14T00:41:21.083Z","v":0}
{"name":"hexo","hostname":"dengzhengdeMacBook-Pro.local","pid":88582,"level":20,"msg":"Processed: \u001b[35mlayout/_scripts/third-party/analytics/baidu-analytics.swig\u001b[39m","time":"2016-12-14T00:41:21.083Z","v":0}
{"name":"hexo","hostname":"dengzhengdeMacBook-Pro.local","pid":88582,"level":20,"msg":"Processed: \u001b[35mlayout/_scripts/third-party/analytics/busuanzi-counter.swig\u001b[39m","time":"2016-12-14T00:41:21.083Z","v":0}
{"name":"hexo","hostname":"dengzhengdeMacBook-Pro.local","pid":88582,"level":20,"msg":"Processed: \u001b[35mlayout/_scripts/third-party/analytics/cnzz-analytics.swig\u001b[39m","time":"2016-12-14T00:41:21.083Z","v":0}
{"name":"hexo","hostname":"dengzhengdeMacBook-Pro.local","pid":88582,"level":20,"msg":"Processed: \u001b[35mlayout/_scripts/third-party/analytics/facebook-sdk.swig\u001b[39m","time":"2016-12-14T00:41:21.083Z","v":0}
{"name":"hexo","hostname":"dengzhengdeMacBook-Pro.local","pid":88582,"level":20,"msg":"Processed: \u001b[35mlayout/_scripts/third-party/analytics/google-analytics.swig\u001b[39m","time":"2016-12-14T00:41:21.083Z","v":0}
{"name":"hexo","hostname":"dengzhengdeMacBook-Pro.local","pid":88582,"level":20,"msg":"Processed: \u001b[35mlayout/_scripts/third-party/analytics/tencent-analytics.swig\u001b[39m","time":"2016-12-14T00:41:21.084Z","v":0}
{"name":"hexo","hostname":"dengzhengdeMacBook-Pro.local","pid":88582,"level":20,"msg":"Processed: \u001b[35mlayout/_scripts/third-party/comments/disqus.swig\u001b[39m","time":"2016-12-14T00:41:21.084Z","v":0}
{"name":"hexo","hostname":"dengzhengdeMacBook-Pro.local","pid":88582,"level":20,"msg":"Processed: \u001b[35mlayout/_scripts/third-party/comments/duoshuo.swig\u001b[39m","time":"2016-12-14T00:41:21.084Z","v":0}
{"name":"hexo","hostname":"dengzhengdeMacBook-Pro.local","pid":88582,"level":20,"msg":"Processed: \u001b[35mlayout/_scripts/third-party/comments/hypercomments.swig\u001b[39m","time":"2016-12-14T00:41:21.084Z","v":0}
{"name":"hexo","hostname":"dengzhengdeMacBook-Pro.local","pid":88582,"level":20,"msg":"Processed: \u001b[35msource/lib/algolia-instant-search/instantsearch.min.js\u001b[39m","time":"2016-12-14T00:41:21.085Z","v":0}
{"name":"hexo","hostname":"dengzhengdeMacBook-Pro.local","pid":88582,"level":20,"msg":"Processed: \u001b[35msource/lib/font-awesome/fonts/fontawesome-webfont.svg\u001b[39m","time":"2016-12-14T00:41:21.086Z","v":0}
{"name":"hexo","hostname":"dengzhengdeMacBook-Pro.local","pid":88582,"level":20,"msg":"Generator: \u001b[35mpage\u001b[39m","time":"2016-12-14T00:41:21.273Z","v":0}
{"name":"hexo","hostname":"dengzhengdeMacBook-Pro.local","pid":88582,"level":20,"msg":"Generator: \u001b[35mpost\u001b[39m","time":"2016-12-14T00:41:21.273Z","v":0}
{"name":"hexo","hostname":"dengzhengdeMacBook-Pro.local","pid":88582,"level":20,"msg":"Generator: \u001b[35marchive\u001b[39m","time":"2016-12-14T00:41:21.273Z","v":0}
{"name":"hexo","hostname":"dengzhengdeMacBook-Pro.local","pid":88582,"level":20,"msg":"Generator: \u001b[35mcategory\u001b[39m","time":"2016-12-14T00:41:21.273Z","v":0}
{"name":"hexo","hostname":"dengzhengdeMacBook-Pro.local","pid":88582,"level":20,"msg":"Generator: \u001b[35mfeed\u001b[39m","time":"2016-12-14T00:41:21.273Z","v":0}
{"name":"hexo","hostname":"dengzhengdeMacBook-Pro.local","pid":88582,"level":20,"msg":"Generator: \u001b[35mindex\u001b[39m","time":"2016-12-14T00:41:21.273Z","v":0}
{"name":"hexo","hostname":"dengzhengdeMacBook-Pro.local","pid":88582,"level":20,"msg":"Generator: \u001b[35mtag\u001b[39m","time":"2016-12-14T00:41:21.274Z","v":0}
{"name":"hexo","hostname":"dengzhengdeMacBook-Pro.local","pid":88582,"level":20,"msg":"Generator: \u001b[35masset\u001b[39m","time":"2016-12-14T00:41:21.276Z","v":0}
{"name":"hexo","hostname":"dengzhengdeMacBook-Pro.local","pid":88582,"level":30,"msg":"Hexo is running at \u001b[4mhttp://localhost:4000/\u001b[24m. Press Ctrl+C to stop.","time":"2016-12-14T00:41:21.286Z","v":0}
{"name":"hexo","hostname":"dengzhengdeMacBook-Pro.local","pid":88582,"level":20,"msg":"Database saved","time":"2016-12-14T00:41:21.306Z","v":0}
{"name":"hexo","hostname":"dengzhengdeMacBook-Pro.local","pid":88582,"level":20,"msg":"Rendering page: \u001b[35mtags/index.html\u001b[39m","time":"2016-12-14T00:41:24.818Z","v":0}
{"name":"hexo","hostname":"dengzhengdeMacBook-Pro.local","pid":88582,"level":20,"msg":"Rendering index: \u001b[35mindex.html\u001b[39m","time":"2016-12-14T00:41:31.802Z","v":0}
{"name":"hexo","hostname":"dengzhengdeMacBook-Pro.local","pid":88582,"level":20,"msg":"Rendering post: \u001b[35m2016/12/09/SSH登陆LINUNX设置方法/index.html\u001b[39m","time":"2016-12-14T00:41:35.601Z","v":0}
{"name":"hexo","hostname":"dengzhengdeMacBook-Pro.local","pid":88582,"level":20,"msg":"Processed: \u001b[35m_posts/SSH登陆LINUNX设置方法.md\u001b[39m","time":"2016-12-14T00:43:56.660Z","v":0}
{"name":"hexo","hostname":"dengzhengdeMacBook-Pro.local","pid":88582,"level":20,"msg":"Generator: \u001b[35mpage\u001b[39m","time":"2016-12-14T00:43:56.825Z","v":0}
{"name":"hexo","hostname":"dengzhengdeMacBook-Pro.local","pid":88582,"level":20,"msg":"Generator: \u001b[35mpost\u001b[39m","time":"2016-12-14T00:43:56.825Z","v":0}
{"name":"hexo","hostname":"dengzhengdeMacBook-Pro.local","pid":88582,"level":20,"msg":"Generator: \u001b[35marchive\u001b[39m","time":"2016-12-14T00:43:56.826Z","v":0}
{"name":"hexo","hostname":"dengzhengdeMacBook-Pro.local","pid":88582,"level":20,"msg":"Generator: \u001b[35mcategory\u001b[39m","time":"2016-12-14T00:43:56.826Z","v":0}
{"name":"hexo","hostname":"dengzhengdeMacBook-Pro.local","pid":88582,"level":20,"msg":"Generator: \u001b[35mfeed\u001b[39m","time":"2016-12-14T00:43:56.826Z","v":0}
{"name":"hexo","hostname":"dengzhengdeMacBook-Pro.local","pid":88582,"level":20,"msg":"Generator: \u001b[35mindex\u001b[39m","time":"2016-12-14T00:43:56.826Z","v":0}
{"name":"hexo","hostname":"dengzhengdeMacBook-Pro.local","pid":88582,"level":20,"msg":"Generator: \u001b[35mtag\u001b[39m","time":"2016-12-14T00:43:56.826Z","v":0}
{"name":"hexo","hostname":"dengzhengdeMacBook-Pro.local","pid":88582,"level":20,"msg":"Generator: \u001b[35masset\u001b[39m","time":"2016-12-14T00:43:56.832Z","v":0}
{"name":"hexo","hostname":"dengzhengdeMacBook-Pro.local","pid":88582,"level":20,"msg":"Rendering post: \u001b[35m2016/12/09/SSH登陆LINUNX设置方法/index.html\u001b[39m","time":"2016-12-14T00:44:02.119Z","v":0}
{"name":"hexo","hostname":"dengzhengdeMacBook-Pro.local","pid":88582,"level":20,"msg":"Processed: \u001b[35m_posts/SSH登陆LINUNX设置方法.md\u001b[39m","time":"2016-12-14T00:44:24.013Z","v":0}
{"name":"hexo","hostname":"dengzhengdeMacBook-Pro.local","pid":88582,"level":20,"msg":"Generator: \u001b[35mpage\u001b[39m","time":"2016-12-14T00:44:24.147Z","v":0}
{"name":"hexo","hostname":"dengzhengdeMacBook-Pro.local","pid":88582,"level":20,"msg":"Generator: \u001b[35mpost\u001b[39m","time":"2016-12-14T00:44:24.147Z","v":0}
{"name":"hexo","hostname":"dengzhengdeMacBook-Pro.local","pid":88582,"level":20,"msg":"Generator: \u001b[35marchive\u001b[39m","time":"2016-12-14T00:44:24.147Z","v":0}
{"name":"hexo","hostname":"dengzhengdeMacBook-Pro.local","pid":88582,"level":20,"msg":"Generator: \u001b[35mcategory\u001b[39m","time":"2016-12-14T00:44:24.147Z","v":0}
{"name":"hexo","hostname":"dengzhengdeMacBook-Pro.local","pid":88582,"level":20,"msg":"Generator: \u001b[35mfeed\u001b[39m","time":"2016-12-14T00:44:24.147Z","v":0}
{"name":"hexo","hostname":"dengzhengdeMacBook-Pro.local","pid":88582,"level":20,"msg":"Generator: \u001b[35mindex\u001b[39m","time":"2016-12-14T00:44:24.148Z","v":0}
{"name":"hexo","hostname":"dengzhengdeMacBook-Pro.local","pid":88582,"level":20,"msg":"Generator: \u001b[35mtag\u001b[39m","time":"2016-12-14T00:44:24.148Z","v":0}
{"name":"hexo","hostname":"dengzhengdeMacBook-Pro.local","pid":88582,"level":20,"msg":"Generator: \u001b[35masset\u001b[39m","time":"2016-12-14T00:44:24.153Z","v":0}
{"name":"hexo","hostname":"dengzhengdeMacBook-Pro.local","pid":88582,"level":20,"msg":"Rendering post: \u001b[35m2016/12/09/SSH登陆LINUNX设置方法/index.html\u001b[39m","time":"2016-12-14T00:44:26.709Z","v":0}
{"name":"hexo","hostname":"dengzhengdeMacBook-Pro.local","pid":88582,"level":20,"msg":"Processed: \u001b[35m_posts/SSH登陆LINUNX设置方法.md\u001b[39m","time":"2016-12-14T00:44:49.819Z","v":0}
{"name":"hexo","hostname":"dengzhengdeMacBook-Pro.local","pid":88582,"level":20,"msg":"Generator: \u001b[35mpage\u001b[39m","time":"2016-12-14T00:44:49.966Z","v":0}
{"name":"hexo","hostname":"dengzhengdeMacBook-Pro.local","pid":88582,"level":20,"msg":"Generator: \u001b[35mpost\u001b[39m","time":"2016-12-14T00:44:49.966Z","v":0}
{"name":"hexo","hostname":"dengzhengdeMacBook-Pro.local","pid":88582,"level":20,"msg":"Generator: \u001b[35marchive\u001b[39m","time":"2016-12-14T00:44:49.967Z","v":0}
{"name":"hexo","hostname":"dengzhengdeMacBook-Pro.local","pid":88582,"level":20,"msg":"Generator: \u001b[35mcategory\u001b[39m","time":"2016-12-14T00:44:49.967Z","v":0}
{"name":"hexo","hostname":"dengzhengdeMacBook-Pro.local","pid":88582,"level":20,"msg":"Generator: \u001b[35mfeed\u001b[39m","time":"2016-12-14T00:44:49.967Z","v":0}
{"name":"hexo","hostname":"dengzhengdeMacBook-Pro.local","pid":88582,"level":20,"msg":"Generator: \u001b[35mindex\u001b[39m","time":"2016-12-14T00:44:49.967Z","v":0}
{"name":"hexo","hostname":"dengzhengdeMacBook-Pro.local","pid":88582,"level":20,"msg":"Generator: \u001b[35mtag\u001b[39m","time":"2016-12-14T00:44:49.967Z","v":0}
{"name":"hexo","hostname":"dengzhengdeMacBook-Pro.local","pid":88582,"level":20,"msg":"Generator: \u001b[35masset\u001b[39m","time":"2016-12-14T00:44:49.972Z","v":0}
{"name":"hexo","hostname":"dengzhengdeMacBook-Pro.local","pid":88582,"level":20,"msg":"Rendering post: \u001b[35m2016/12/09/SSH登陆LINUNX设置方法/index.html\u001b[39m","time":"2016-12-14T00:44:54.173Z","v":0}
{"name":"hexo","hostname":"dengzhengdeMacBook-Pro.local","pid":88582,"level":20,"msg":"Rendering tag: \u001b[35mtags/Liunx/index.html\u001b[39m","time":"2016-12-14T00:44:59.807Z","v":0}
{"name":"hexo","hostname":"dengzhengdeMacBook-Pro.local","pid":88582,"level":20,"msg":"Rendering index: \u001b[35mindex.html\u001b[39m","time":"2016-12-14T00:45:03.078Z","v":0}
{"name":"hexo","hostname":"dengzhengdeMacBook-Pro.local","pid":88582,"level":20,"msg":"Rendering page: \u001b[35mtags/index.html\u001b[39m","time":"2016-12-14T00:45:10.636Z","v":0}
{"name":"hexo","hostname":"dengzhengdeMacBook-Pro.local","pid":88582,"level":30,"msg":"Good bye","time":"2016-12-14T00:46:05.524Z","v":0}
{"name":"hexo","hostname":"dengzhengdeMacBook-Pro.local","pid":88582,"level":20,"msg":"Database saved","time":"2016-12-14T00:46:05.554Z","v":0}
